<?xml version="1.0" encoding="UTF-8"?>
<!-- Generated by org.testng.reporters.JUnitReportReporter -->
<testsuite hostname="LAPTOP-KD6JVA8H" failures="0" tests="1" name="com.RestAssured.epay.tests.epay_DirectRequest_NPCI" time="12.989" errors="0" timestamp="2024-11-30T12:48:48 IST" skipped="0">
  <testcase classname="com.RestAssured.epay.tests.epay_DirectRequest_NPCI" name="PostCreate_User" time="12.989"/>
</testsuite> <!-- com.RestAssured.epay.tests.epay_DirectRequest_NPCI -->
