<?xml version="1.0" encoding="UTF-8"?>
<!-- Generated by org.testng.reporters.JUnitReportReporter -->
<testsuite hostname="LAPTOP-KD6JVA8H" failures="0" tests="20" name="BundleUp.Bundle_Automation_Projects.TestCollection_CRM_BillerConfigOnus" time="1066.009" errors="0" timestamp="2025-04-26T14:48:20 IST" skipped="0">
  <testcase classname="BundleUp.Bundle_Automation_Projects.TestCollection_CRM_BillerConfigOnus" name="AddNewRecord" time="44.425"/>
  <testcase classname="BundleUp.Bundle_Automation_Projects.TestCollection_CRM_BillerConfigOnus" name="AddNewRecord" time="43.776"/>
  <testcase classname="BundleUp.Bundle_Automation_Projects.TestCollection_CRM_BillerConfigOnus" name="AddNewRecord" time="69.623"/>
  <testcase classname="BundleUp.Bundle_Automation_Projects.TestCollection_CRM_BillerConfigOnus" name="AddNewRecord" time="59.199"/>
  <testcase classname="BundleUp.Bundle_Automation_Projects.TestCollection_CRM_BillerConfigOnus" name="AddNewRecord" time="43.864"/>
  <testcase classname="BundleUp.Bundle_Automation_Projects.TestCollection_CRM_BillerConfigOnus" name="AddNewRecord" time="54.060"/>
  <testcase classname="BundleUp.Bundle_Automation_Projects.TestCollection_CRM_BillerConfigOnus" name="AddNewRecord" time="55.832"/>
  <testcase classname="BundleUp.Bundle_Automation_Projects.TestCollection_CRM_BillerConfigOnus" name="AddNewRecord" time="58.198"/>
  <testcase classname="BundleUp.Bundle_Automation_Projects.TestCollection_CRM_BillerConfigOnus" name="AddNewRecord" time="48.669"/>
  <testcase classname="BundleUp.Bundle_Automation_Projects.TestCollection_CRM_BillerConfigOnus" name="AddNewRecord" time="46.463"/>
  <testcase classname="BundleUp.Bundle_Automation_Projects.TestCollection_CRM_BillerConfigOnus" name="AddNewRecord" time="53.714"/>
  <testcase classname="BundleUp.Bundle_Automation_Projects.TestCollection_CRM_BillerConfigOnus" name="AddNewRecord" time="49.935"/>
  <testcase classname="BundleUp.Bundle_Automation_Projects.TestCollection_CRM_BillerConfigOnus" name="AddNewRecord" time="52.178"/>
  <testcase classname="BundleUp.Bundle_Automation_Projects.TestCollection_CRM_BillerConfigOnus" name="AddNewRecord" time="66.079"/>
  <testcase classname="BundleUp.Bundle_Automation_Projects.TestCollection_CRM_BillerConfigOnus" name="AddNewRecord" time="59.610"/>
  <testcase classname="BundleUp.Bundle_Automation_Projects.TestCollection_CRM_BillerConfigOnus" name="AddNewRecord" time="43.202"/>
  <testcase classname="BundleUp.Bundle_Automation_Projects.TestCollection_CRM_BillerConfigOnus" name="AddNewRecord" time="56.704"/>
  <testcase classname="BundleUp.Bundle_Automation_Projects.TestCollection_CRM_BillerConfigOnus" name="AddNewRecord" time="49.758"/>
  <testcase classname="BundleUp.Bundle_Automation_Projects.TestCollection_CRM_BillerConfigOnus" name="AddNewRecord" time="52.742"/>
  <testcase classname="BundleUp.Bundle_Automation_Projects.TestCollection_CRM_BillerConfigOnus" name="AddNewRecord" time="57.978"/>
</testsuite> <!-- BundleUp.Bundle_Automation_Projects.TestCollection_CRM_BillerConfigOnus -->
