<?xml version="1.0" encoding="UTF-8"?>
<!-- Generated by org.testng.reporters.JUnitReportReporter -->
<testsuite hostname="LAPTOP-KD6JVA8H" failures="0" tests="2" name="BundleUp.Bundle_Automation_Projects.TestCollection_CRM_ePayPropertyConfig" time="120.547" errors="0" timestamp="2024-09-12T00:19:00 IST" skipped="0">
  <testcase classname="BundleUp.Bundle_Automation_Projects.TestCollection_CRM_ePayPropertyConfig" name="AddNewRecord" time="60.002"/>
  <testcase classname="BundleUp.Bundle_Automation_Projects.TestCollection_CRM_ePayPropertyConfig" name="ResetRecord" time="60.545"/>
</testsuite> <!-- BundleUp.Bundle_Automation_Projects.TestCollection_CRM_ePayPropertyConfig -->
