<?xml version="1.0" encoding="UTF-8"?>
<!-- Generated by org.testng.reporters.JUnitReportReporter -->
<testsuite hostname="LAPTOP-KD6JVA8H" failures="0" tests="1" name="com.RestAssured.Validate_Get_Request" time="6.991" errors="0" timestamp="2024-09-18T23:00:09 IST" skipped="0">
  <testcase classname="com.RestAssured.Validate_Get_Request" name="FieldLengthValueCheck" time="6.991"/>
</testsuite> <!-- com.RestAssured.Validate_Get_Request -->
