<?xml version="1.0" encoding="UTF-8"?>
<!-- Generated by org.testng.reporters.JUnitReportReporter -->
<testsuite hostname="LAPTOP-KD6JVA8H" failures="0" tests="5" name="BundleUp.Bundle_Automation_Projects.TestCollection_CRM_ServiceProviderResponseCodeMapping" time="237.907" errors="0" timestamp="2025-04-26T22:35:07 IST" skipped="0">
  <testcase classname="BundleUp.Bundle_Automation_Projects.TestCollection_CRM_ServiceProviderResponseCodeMapping" name="AddNewRecord" time="46.370"/>
  <testcase classname="BundleUp.Bundle_Automation_Projects.TestCollection_CRM_ServiceProviderResponseCodeMapping" name="AddNewRecord" time="52.245"/>
  <testcase classname="BundleUp.Bundle_Automation_Projects.TestCollection_CRM_ServiceProviderResponseCodeMapping" name="AddNewRecord" time="42.519"/>
  <testcase classname="BundleUp.Bundle_Automation_Projects.TestCollection_CRM_ServiceProviderResponseCodeMapping" name="AddNewRecord" time="49.371"/>
  <testcase classname="BundleUp.Bundle_Automation_Projects.TestCollection_CRM_ServiceProviderResponseCodeMapping" name="AddNewRecord" time="47.402"/>
</testsuite> <!-- BundleUp.Bundle_Automation_Projects.TestCollection_CRM_ServiceProviderResponseCodeMapping -->
