<?xml version="1.0" encoding="UTF-8"?>
<!-- Generated by org.testng.reporters.JUnitReportReporter -->
<testsuite hostname="LAPTOP-KD6JVA8H" failures="0" tests="1" name="com.RestAssured.Final_GetRequest_Sanity" time="3.202" errors="0" timestamp="2024-10-06T14:59:54 IST" skipped="0">
  <testcase classname="com.RestAssured.Final_GetRequest_Sanity" name="ValidateStatusCode" time="3.202"/>
</testsuite> <!-- com.RestAssured.Final_GetRequest_Sanity -->
