<?xml version="1.0" encoding="UTF-8"?>
<!-- Generated by org.testng.reporters.JUnitReportReporter -->
<testsuite hostname="LAPTOP-KD6JVA8H" failures="0" tests="1" name="BundleUp.Bundle_Automation_Projects.TestCollection_CRM_ServiceProviderResponseCodeMapping" time="88.794" errors="0" timestamp="2025-01-30T23:19:15 IST" skipped="0">
  <testcase classname="BundleUp.Bundle_Automation_Projects.TestCollection_CRM_ServiceProviderResponseCodeMapping" name="AddNewRecord" time="88.794"/>
</testsuite> <!-- BundleUp.Bundle_Automation_Projects.TestCollection_CRM_ServiceProviderResponseCodeMapping -->
