<?xml version="1.0" encoding="UTF-8"?>
<!-- Generated by org.testng.reporters.JUnitReportReporter -->
<testsuite hostname="LAPTOP-KD6JVA8H" failures="0" tests="2" name="com.RestAssured.epay.tests.epay_DirectRequest_NPCI" time="13.182" errors="0" timestamp="2024-12-04T22:30:02 IST" skipped="0">
  <testcase classname="com.RestAssured.epay.tests.epay_DirectRequest_NPCI" name="PostCreate_User" time="12.558"/>
  <testcase classname="com.RestAssured.epay.tests.epay_DirectRequest_NPCI" name="PostCreate_User" time="0.624"/>
</testsuite> <!-- com.RestAssured.epay.tests.epay_DirectRequest_NPCI -->
