<?xml version="1.0" encoding="UTF-8"?>
<!-- Generated by org.testng.reporters.JUnitReportReporter -->
<testsuite hostname="LAPTOP-KD6JVA8H" failures="0" tests="2" name="BundleUp.Bundle_Automation_Projects.TestCollection_CRM_BillerConfigOnus" time="80.534" errors="0" timestamp="2025-04-26T21:23:32 IST" skipped="0">
  <testcase classname="BundleUp.Bundle_Automation_Projects.TestCollection_CRM_BillerConfigOnus" name="AddNewRecord" time="28.221"/>
  <testcase classname="BundleUp.Bundle_Automation_Projects.TestCollection_CRM_BillerConfigOnus" name="AddNewRecord" time="52.313"/>
</testsuite> <!-- BundleUp.Bundle_Automation_Projects.TestCollection_CRM_BillerConfigOnus -->
