<?xml version="1.0" encoding="UTF-8"?>
<!-- Generated by org.testng.reporters.JUnitReportReporter -->
<testsuite hostname="LAPTOP-KD6JVA8H" failures="0" tests="1" name="com.RestAssured.Post_PayloadReq_File" time="4.630" errors="0" timestamp="2024-10-20T22:04:54 IST" skipped="0">
  <testcase classname="com.RestAssured.Post_PayloadReq_File" name="VerifyStatusCode" time="4.630"/>
</testsuite> <!-- com.RestAssured.Post_PayloadReq_File -->
