<?xml version="1.0" encoding="UTF-8"?>
<!-- Generated by org.testng.reporters.JUnitReportReporter -->
<testsuite hostname="LAPTOP-KD6JVA8H" failures="0" tests="2" name="BundleUp.Bundle_Automation_Projects.TestCollection_CRM_ServiceProviderResponseCodeMapping" time="91.845" errors="0" timestamp="2025-01-26T20:40:50 IST" skipped="0">
  <testcase classname="BundleUp.Bundle_Automation_Projects.TestCollection_CRM_ServiceProviderResponseCodeMapping" name="AddNewRecord" time="58.472"/>
  <testcase classname="BundleUp.Bundle_Automation_Projects.TestCollection_CRM_ServiceProviderResponseCodeMapping" name="AddNewRecord" time="33.373"/>
</testsuite> <!-- BundleUp.Bundle_Automation_Projects.TestCollection_CRM_ServiceProviderResponseCodeMapping -->
