<?xml version="1.0" encoding="UTF-8"?>
<!-- Generated by org.testng.reporters.JUnitReportReporter -->
<testsuite hostname="LAPTOP-KD6JVA8H" failures="0" tests="1" name="com.Interview_Tests.Test_FindBrokenLinks" time="66.459" errors="0" timestamp="2024-12-29T12:13:04 IST" skipped="0">
  <testcase classname="com.Interview_Tests.Test_FindBrokenLinks" name="FindBrokenLinksTest" time="66.459"/>
</testsuite> <!-- com.Interview_Tests.Test_FindBrokenLinks -->
