<?xml version="1.0" encoding="UTF-8"?>
<!-- Generated by org.testng.reporters.JUnitReportReporter -->
<testsuite hostname="LAPTOP-KD6JVA8H" failures="0" tests="1" name="BundleUp.Bundle_Automation_Projects.TestCollection_CRM_AirtelConfiguration" time="50.884" errors="0" timestamp="2025-02-24T21:49:14 IST" skipped="0">
  <testcase classname="BundleUp.Bundle_Automation_Projects.TestCollection_CRM_AirtelConfiguration" name="Verify_BAL_Wallets_Switch" time="50.884"/>
</testsuite> <!-- BundleUp.Bundle_Automation_Projects.TestCollection_CRM_AirtelConfiguration -->
