<?xml version="1.0" encoding="UTF-8"?>
<!-- Generated by org.testng.reporters.JUnitReportReporter -->
<testsuite hostname="LAPTOP-KD6JVA8H" failures="0" tests="1" name="com.RestAssured.epay.tests.epay_DirectRequest_NPCI" time="12.648" errors="0" timestamp="2024-11-29T23:17:08 IST" skipped="0">
  <testcase classname="com.RestAssured.epay.tests.epay_DirectRequest_NPCI" name="PostCreate_User" time="12.648"/>
</testsuite> <!-- com.RestAssured.epay.tests.epay_DirectRequest_NPCI -->
