<?xml version="1.0" encoding="UTF-8"?>
<!-- Generated by org.testng.reporters.JUnitReportReporter -->
<testsuite hostname="LAPTOP-KD6JVA8H" failures="0" tests="1" name="com.RestAssured.SanityTestCollection" time="5.790" errors="0" timestamp="2024-09-21T19:28:30 IST" skipped="0">
  <testcase classname="com.RestAssured.SanityTestCollection" name="VerifyDynamicAddingExtractingOfResponseHeaders" time="5.790"/>
</testsuite> <!-- com.RestAssured.SanityTestCollection -->
