<?xml version="1.0" encoding="UTF-8"?>
<!-- Generated by org.testng.reporters.JUnitReportReporter -->
<testsuite hostname="LAPTOP-KD6JVA8H" failures="0" tests="1" name="BundleUp.Bundle_Automation_Projects.TestTask" time="8.668" errors="0" timestamp="2025-01-05T21:32:24 IST" skipped="0">
  <testcase classname="BundleUp.Bundle_Automation_Projects.TestTask" name="LaunchBrowser" time="8.668"/>
</testsuite> <!-- BundleUp.Bundle_Automation_Projects.TestTask -->
